<?xml version="1.0" encoding="UTF-8"?>
<testsuite name="Create an order for a pet" tests="1" skipped="0" failures="0" errors="0" timestamp="2021-07-16T20:50:59" hostname="LAPTOP-GP24CTH7" time="3.719">
  <properties/>
  <testcase name="Create an order for a pet successful" classname="Create an order for a pet" time="3.719"/>
  <system-out><![CDATA[The status code is: 200
]]></system-out>
  <system-err><![CDATA[[Test worker] INFO net.thucydides.core.steps.ConsoleLoggingListener - 
        __    _____ _____ ____ _____   ____   _    ____  ____  _____ ____  
  _     \ \  |_   _| ____/ ___|_   _| |  _ \ / \  / ___|/ ___|| ____|  _ \ 
 (_)_____| |   | | |  _| \___ \ | |   | |_) / _ \ \___ \\___ \|  _| | | | |
  _|_____| |   | | | |___ ___) || |   |  __/ ___ \ ___) |___) | |___| |_| |
 (_)     | |   |_| |_____|____/ |_|   |_| /_/   \_\____/|____/|_____|____/ 
        /_/                                                                

TEST PASSED: Create an order for a pet successful
----------------------------------------------------------------------------
]]></system-err>
</testsuite>
